재매칭 대상 194곳 (MISS/HOLD)
  30/194 … 살아남 1
  60/194 … 살아남 1
  90/194 … 살아남 1
  120/194 … 살아남 2
  150/194 … 살아남 3
  180/194 … 살아남 3

== 결과 ==
살아남(place_id 확보): 3 / 194
여전히 실패(노이즈·폐업 후보): 191

[살아난 것 최대 20]
  아베베베이커리 제주점  →  아베베베이커리 제주  (MATCH_NOCOORD, Nonem)
  애월 카페  →  픽업카페 애월점  (MATCH, 36m)
  바람  →  바람  (MATCH, 2m)

[여전히 실패 최대 30]
  아베베비킬라
  아베베비킬라베이커리
  열정의산보
  골든피스 제주점
  명문제과
  카페 아티나
  이동건 카페
  나솔사계
  요아정 (팝업)
  아베베 베이커리 비킬라
  카페 월향재
  모멘터리커피
  일과견
  푸파페
  위미리3760
  청수당 애월점 (Cheongsudang Awwol)
  청수당 애월점
  오기방
  하우스 오브 테디베어
  웨이뷰 팡도르
  릿
  코코하 카카오패밀리 로이인더정글카밀라스
  울트라마린 협재점
  아녜스의 앞치마
  컴포터블
  아녜스의앞치마
  우도(섬) 카페들
  당포로나인카페앤브런치
  당포로나인 카페앤브런치
  베이커리 해녀의집

리포트 → C:\Users\akals\Documents\GitHub\jeju\data\processed\카카오_재매칭_리포트.jsonl
